<?xml version="1.0" encoding="UTF-8" ?>
<testsuite failures="0" time="0.009" errors="0" skipped="0" tests="1" name="first.testweb.AppTest">
  <properties>
    <property name="java.runtime.name" value="Java(TM) SE Runtime Environment"/>
    <property name="sun.boot.library.path" value="D:\jdk1.6-32\jre\bin"/>
    <property name="java.vm.version" value="20.8-b03"/>
    <property name="java.vm.vendor" value="Sun Microsystems Inc."/>
    <property name="java.vendor.url" value="http://java.sun.com/"/>
    <property name="path.separator" value=";"/>
    <property name="java.vm.name" value="Java HotSpot(TM) Client VM"/>
    <property name="file.encoding.pkg" value="sun.io"/>
    <property name="user.country" value="CN"/>
    <property name="sun.java.launcher" value="SUN_STANDARD"/>
    <property name="sun.os.patch.level" value=""/>
    <property name="java.vm.specification.name" value="Java Virtual Machine Specification"/>
    <property name="user.dir" value="E:\rcip\batchcommit"/>
    <property name="java.runtime.version" value="1.6.0_33-b05"/>
    <property name="java.awt.graphicsenv" value="sun.awt.Win32GraphicsEnvironment"/>
    <property name="basedir" value="E:\rcip\batchcommit"/>
    <property name="java.endorsed.dirs" value="D:\jdk1.6-32\jre\lib\endorsed"/>
    <property name="os.arch" value="x86"/>
    <property name="surefire.real.class.path" value="E:\rcip\batchcommit\target\surefire\surefirebooter3998306026604109842.jar"/>
    <property name="java.io.tmpdir" value="C:\Users\jonas\AppData\Local\Temp\"/>
    <property name="line.separator" value="
"/>
    <property name="java.vm.specification.vendor" value="Sun Microsystems Inc."/>
    <property name="user.variant" value=""/>
    <property name="os.name" value="Windows 7"/>
    <property name="sun.jnu.encoding" value="GBK"/>
    <property name="java.library.path" value="D:\jdk1.6-32\jre\bin;C:\Windows\Sun\Java\bin;C:\Windows\system32;C:\Windows;E:/software-d/安装文件/办公软件/eclipse4.3_Cur/jre/bin/client;E:/software-d/安装文件/办公软件/eclipse4.3_Cur/jre/bin;E:/software-d/安装文件/办公软件/eclipse4.3_Cur/jre/lib/i386;D:\jdk1.6-32\bin;D:\jdk1.6-32\jre\bin;C:\Windows\system32;C:\Windows;C:\Windows\System32\Wbem;C:\Windows\System32\WindowsPowerShell\v1.0\;C:\Program Files\Lenovo\Fingerprint Manager Pro\;D:\Program Files\MySQL\MySQL Server 5.6\bin;e:\Oracle\product\11.2.0\client_lite\bin;E:\apache-ant-1.9.6/bin;E:\apache-maven-3.2.5/bin;;E:\software-d\安装文件\办公软件\eclipse4.3_Cur;;."/>
    <property name="surefire.test.class.path" value="E:\rcip\batchcommit\target\test-classes;E:\rcip\batchcommit\target\classes;E:\maven\repo-ccip\junit\junit\3.8.1\junit-3.8.1.jar;E:\maven\repo-ccip\commons-httpclient\commons-httpclient\3.1\commons-httpclient-3.1.jar;E:\maven\repo-ccip\commons-logging\commons-logging\1.0.4\commons-logging-1.0.4.jar;E:\maven\repo-ccip\commons-codec\commons-codec\1.2\commons-codec-1.2.jar;E:\maven\repo-ccip\net\sf\json-lib\json-lib\2.4\json-lib-2.4.jar;E:\maven\repo-ccip\commons-beanutils\commons-beanutils\1.8.0\commons-beanutils-1.8.0.jar;E:\maven\repo-ccip\commons-collections\commons-collections\3.2.1\commons-collections-3.2.1.jar;E:\maven\repo-ccip\commons-lang\commons-lang\2.5\commons-lang-2.5.jar;E:\maven\repo-ccip\net\sf\ezmorph\ezmorph\1.0.6\ezmorph-1.0.6.jar;E:\maven\repo-ccip\org\apache\httpcomponents\httpclient\4.5.2\httpclient-4.5.2.jar;E:\maven\repo-ccip\org\apache\httpcomponents\httpcore\4.4.4\httpcore-4.4.4.jar;E:\maven\repo-ccip\com\google\code\gson\gson\2.3\gson-2.3.jar;E:\maven\repo-ccip\org\seleniumhq\selenium\selenium-java\2.25.0\selenium-java-2.25.0.jar;E:\maven\repo-ccip\org\seleniumhq\selenium\selenium-android-driver\2.25.0\selenium-android-driver-2.25.0.jar;E:\maven\repo-ccip\org\seleniumhq\selenium\selenium-remote-driver\2.25.0\selenium-remote-driver-2.25.0.jar;E:\maven\repo-ccip\cglib\cglib-nodep\2.1_3\cglib-nodep-2.1_3.jar;E:\maven\repo-ccip\org\json\json\20080701\json-20080701.jar;E:\maven\repo-ccip\org\seleniumhq\selenium\selenium-chrome-driver\2.25.0\selenium-chrome-driver-2.25.0.jar;E:\maven\repo-ccip\org\seleniumhq\selenium\selenium-htmlunit-driver\2.25.0\selenium-htmlunit-driver-2.25.0.jar;E:\maven\repo-ccip\org\seleniumhq\selenium\selenium-api\2.25.0\selenium-api-2.25.0.jar;E:\maven\repo-ccip\net\sourceforge\htmlunit\htmlunit\2.9\htmlunit-2.9.jar;E:\maven\repo-ccip\xalan\xalan\2.7.1\xalan-2.7.1.jar;E:\maven\repo-ccip\xalan\serializer\2.7.1\serializer-2.7.1.jar;E:\maven\repo-ccip\org\apache\httpcomponents\httpmime\4.1.2\httpmime-4.1.2.jar;E:\maven\repo-ccip\net\sourceforge\htmlunit\htmlunit-core-js\2.9\htmlunit-core-js-2.9.jar;E:\maven\repo-ccip\xerces\xercesImpl\2.9.1\xercesImpl-2.9.1.jar;E:\maven\repo-ccip\xml-apis\xml-apis\1.3.04\xml-apis-1.3.04.jar;E:\maven\repo-ccip\net\sourceforge\nekohtml\nekohtml\1.9.15\nekohtml-1.9.15.jar;E:\maven\repo-ccip\net\sourceforge\cssparser\cssparser\0.9.5\cssparser-0.9.5.jar;E:\maven\repo-ccip\org\w3c\css\sac\1.3\sac-1.3.jar;E:\maven\repo-ccip\org\seleniumhq\selenium\selenium-firefox-driver\2.25.0\selenium-firefox-driver-2.25.0.jar;E:\maven\repo-ccip\commons-io\commons-io\2.0.1\commons-io-2.0.1.jar;E:\maven\repo-ccip\org\seleniumhq\selenium\selenium-ie-driver\2.25.0\selenium-ie-driver-2.25.0.jar;E:\maven\repo-ccip\net\java\dev\jna\jna\3.4.0\jna-3.4.0.jar;E:\maven\repo-ccip\net\java\dev\jna\platform\3.4.0\platform-3.4.0.jar;E:\maven\repo-ccip\org\seleniumhq\selenium\selenium-iphone-driver\2.25.0\selenium-iphone-driver-2.25.0.jar;E:\maven\repo-ccip\org\seleniumhq\selenium\selenium-safari-driver\2.25.0\selenium-safari-driver-2.25.0.jar;E:\maven\repo-ccip\org\seleniumhq\selenium\selenium-support\2.25.0\selenium-support-2.25.0.jar;E:\maven\repo-ccip\org\webbitserver\webbit\0.4.6\webbit-0.4.6.jar;E:\maven\repo-ccip\org\jboss\netty\netty\3.2.7.Final\netty-3.2.7.Final.jar;E:\maven\repo-ccip\com\opera\operadriver\0.16\operadriver-0.16.jar;E:\maven\repo-ccip\com\opera\operalaunchers\1.0\operalaunchers-1.0.jar;E:\maven\repo-ccip\com\google\protobuf\protobuf-java\2.4.1\protobuf-java-2.4.1.jar;E:\maven\repo-ccip\com\google\guava\guava\12.0.1\guava-12.0.1.jar;E:\maven\repo-ccip\com\google\code\findbugs\jsr305\1.3.9\jsr305-1.3.9.jar;E:\maven\repo-ccip\commons-jxpath\commons-jxpath\1.3\commons-jxpath-1.3.jar;E:\maven\repo-ccip\org\apache\commons\commons-exec\1.1\commons-exec-1.1.jar;E:\maven\repo-ccip\org\ini4j\ini4j\0.5.2\ini4j-0.5.2.jar;"/>
    <property name="java.specification.name" value="Java Platform API Specification"/>
    <property name="java.class.version" value="50.0"/>
    <property name="sun.management.compiler" value="HotSpot Client Compiler"/>
    <property name="os.version" value="6.1"/>
    <property name="user.home" value="C:\Users\jonas"/>
    <property name="user.timezone" value=""/>
    <property name="java.awt.printerjob" value="sun.awt.windows.WPrinterJob"/>
    <property name="java.specification.version" value="1.6"/>
    <property name="file.encoding" value="GBK"/>
    <property name="user.name" value="jonas"/>
    <property name="java.class.path" value="E:\rcip\batchcommit\target\test-classes;E:\rcip\batchcommit\target\classes;E:\maven\repo-ccip\junit\junit\3.8.1\junit-3.8.1.jar;E:\maven\repo-ccip\commons-httpclient\commons-httpclient\3.1\commons-httpclient-3.1.jar;E:\maven\repo-ccip\commons-logging\commons-logging\1.0.4\commons-logging-1.0.4.jar;E:\maven\repo-ccip\commons-codec\commons-codec\1.2\commons-codec-1.2.jar;E:\maven\repo-ccip\net\sf\json-lib\json-lib\2.4\json-lib-2.4.jar;E:\maven\repo-ccip\commons-beanutils\commons-beanutils\1.8.0\commons-beanutils-1.8.0.jar;E:\maven\repo-ccip\commons-collections\commons-collections\3.2.1\commons-collections-3.2.1.jar;E:\maven\repo-ccip\commons-lang\commons-lang\2.5\commons-lang-2.5.jar;E:\maven\repo-ccip\net\sf\ezmorph\ezmorph\1.0.6\ezmorph-1.0.6.jar;E:\maven\repo-ccip\org\apache\httpcomponents\httpclient\4.5.2\httpclient-4.5.2.jar;E:\maven\repo-ccip\org\apache\httpcomponents\httpcore\4.4.4\httpcore-4.4.4.jar;E:\maven\repo-ccip\com\google\code\gson\gson\2.3\gson-2.3.jar;E:\maven\repo-ccip\org\seleniumhq\selenium\selenium-java\2.25.0\selenium-java-2.25.0.jar;E:\maven\repo-ccip\org\seleniumhq\selenium\selenium-android-driver\2.25.0\selenium-android-driver-2.25.0.jar;E:\maven\repo-ccip\org\seleniumhq\selenium\selenium-remote-driver\2.25.0\selenium-remote-driver-2.25.0.jar;E:\maven\repo-ccip\cglib\cglib-nodep\2.1_3\cglib-nodep-2.1_3.jar;E:\maven\repo-ccip\org\json\json\20080701\json-20080701.jar;E:\maven\repo-ccip\org\seleniumhq\selenium\selenium-chrome-driver\2.25.0\selenium-chrome-driver-2.25.0.jar;E:\maven\repo-ccip\org\seleniumhq\selenium\selenium-htmlunit-driver\2.25.0\selenium-htmlunit-driver-2.25.0.jar;E:\maven\repo-ccip\org\seleniumhq\selenium\selenium-api\2.25.0\selenium-api-2.25.0.jar;E:\maven\repo-ccip\net\sourceforge\htmlunit\htmlunit\2.9\htmlunit-2.9.jar;E:\maven\repo-ccip\xalan\xalan\2.7.1\xalan-2.7.1.jar;E:\maven\repo-ccip\xalan\serializer\2.7.1\serializer-2.7.1.jar;E:\maven\repo-ccip\org\apache\httpcomponents\httpmime\4.1.2\httpmime-4.1.2.jar;E:\maven\repo-ccip\net\sourceforge\htmlunit\htmlunit-core-js\2.9\htmlunit-core-js-2.9.jar;E:\maven\repo-ccip\xerces\xercesImpl\2.9.1\xercesImpl-2.9.1.jar;E:\maven\repo-ccip\xml-apis\xml-apis\1.3.04\xml-apis-1.3.04.jar;E:\maven\repo-ccip\net\sourceforge\nekohtml\nekohtml\1.9.15\nekohtml-1.9.15.jar;E:\maven\repo-ccip\net\sourceforge\cssparser\cssparser\0.9.5\cssparser-0.9.5.jar;E:\maven\repo-ccip\org\w3c\css\sac\1.3\sac-1.3.jar;E:\maven\repo-ccip\org\seleniumhq\selenium\selenium-firefox-driver\2.25.0\selenium-firefox-driver-2.25.0.jar;E:\maven\repo-ccip\commons-io\commons-io\2.0.1\commons-io-2.0.1.jar;E:\maven\repo-ccip\org\seleniumhq\selenium\selenium-ie-driver\2.25.0\selenium-ie-driver-2.25.0.jar;E:\maven\repo-ccip\net\java\dev\jna\jna\3.4.0\jna-3.4.0.jar;E:\maven\repo-ccip\net\java\dev\jna\platform\3.4.0\platform-3.4.0.jar;E:\maven\repo-ccip\org\seleniumhq\selenium\selenium-iphone-driver\2.25.0\selenium-iphone-driver-2.25.0.jar;E:\maven\repo-ccip\org\seleniumhq\selenium\selenium-safari-driver\2.25.0\selenium-safari-driver-2.25.0.jar;E:\maven\repo-ccip\org\seleniumhq\selenium\selenium-support\2.25.0\selenium-support-2.25.0.jar;E:\maven\repo-ccip\org\webbitserver\webbit\0.4.6\webbit-0.4.6.jar;E:\maven\repo-ccip\org\jboss\netty\netty\3.2.7.Final\netty-3.2.7.Final.jar;E:\maven\repo-ccip\com\opera\operadriver\0.16\operadriver-0.16.jar;E:\maven\repo-ccip\com\opera\operalaunchers\1.0\operalaunchers-1.0.jar;E:\maven\repo-ccip\com\google\protobuf\protobuf-java\2.4.1\protobuf-java-2.4.1.jar;E:\maven\repo-ccip\com\google\guava\guava\12.0.1\guava-12.0.1.jar;E:\maven\repo-ccip\com\google\code\findbugs\jsr305\1.3.9\jsr305-1.3.9.jar;E:\maven\repo-ccip\commons-jxpath\commons-jxpath\1.3\commons-jxpath-1.3.jar;E:\maven\repo-ccip\org\apache\commons\commons-exec\1.1\commons-exec-1.1.jar;E:\maven\repo-ccip\org\ini4j\ini4j\0.5.2\ini4j-0.5.2.jar;"/>
    <property name="java.vm.specification.version" value="1.0"/>
    <property name="sun.arch.data.model" value="32"/>
    <property name="java.home" value="D:\jdk1.6-32\jre"/>
    <property name="sun.java.command" value="E:\rcip\batchcommit\target\surefire\surefirebooter3998306026604109842.jar E:\rcip\batchcommit\target\surefire\surefire8364969034663180729tmp E:\rcip\batchcommit\target\surefire\surefire1735908184024133319tmp"/>
    <property name="java.specification.vendor" value="Sun Microsystems Inc."/>
    <property name="user.language" value="zh"/>
    <property name="awt.toolkit" value="sun.awt.windows.WToolkit"/>
    <property name="java.vm.info" value="mixed mode"/>
    <property name="java.version" value="1.6.0_33"/>
    <property name="java.ext.dirs" value="D:\jdk1.6-32\jre\lib\ext;C:\Windows\Sun\Java\lib\ext"/>
    <property name="sun.boot.class.path" value="D:\jdk1.6-32\jre\lib\resources.jar;D:\jdk1.6-32\jre\lib\rt.jar;D:\jdk1.6-32\jre\lib\sunrsasign.jar;D:\jdk1.6-32\jre\lib\jsse.jar;D:\jdk1.6-32\jre\lib\jce.jar;D:\jdk1.6-32\jre\lib\charsets.jar;D:\jdk1.6-32\jre\lib\modules\jdk.boot.jar;D:\jdk1.6-32\jre\classes"/>
    <property name="java.vendor" value="Sun Microsystems Inc."/>
    <property name="localRepository" value="E:\maven\repo-ccip"/>
    <property name="file.separator" value="\"/>
    <property name="java.vendor.url.bug" value="http://java.sun.com/cgi-bin/bugreport.cgi"/>
    <property name="sun.cpu.endian" value="little"/>
    <property name="sun.io.unicode.encoding" value="UnicodeLittle"/>
    <property name="sun.desktop" value="windows"/>
    <property name="sun.cpu.isalist" value="pentium_pro+mmx pentium_pro pentium+mmx pentium i486 i386 i86"/>
  </properties>
  <testcase time="0.001" classname="first.testweb.AppTest" name="testApp"/>
</testsuite>